# JRE version: OpenJDK Runtime Environment Temurin-17.0.4.1+1 (17.0.4.1+1) (build 17.0.4.1+1)
# Java VM: OpenJDK 64-Bit Server VM Temurin-17.0.4.1+1 (17.0.4.1+1, mixed mode, emulated-client, tiered, compressed oops, compressed class ptrs, g1 gc, windows-amd64)
GC Precious Log:
 CPUs: 4 total, 4 available
 Memory: 3522M
 Large Page Support: Disabled
 NUMA Support: Disabled
 Compressed Oops: Enabled (32-bit)
 Heap Region Size: 1M
 Heap Min Capacity: 8M
 Heap Initial Capacity: 56M
 Heap Max Capacity: 882M
 Pre-touch: Disabled
 Parallel Workers: 4
 Concurrent Workers: 1
 Concurrent Refinement Workers: 4
 Periodic GC: Disabled
Heap:
 garbage-first heap   total 120832K, used 67897K [0x00000000c8e00000, 0x0000000100000000)
  region size 1024K, 3 young (3072K), 3 survivors (3072K)
 Metaspace       used 38643K, committed 38976K, reserved 1089536K
  class space    used 4878K, committed 4992K, reserved 1048576K
GC Heap History (20 events):
Event: 18.780 GC heap after
{Heap after GC invocations=14 (full 0):
 garbage-first heap   total 45056K, used 25646K [0x00000000c8e00000, 0x0000000100000000)
  region size 1024K, 2 young (2048K), 2 survivors (2048K)
 Metaspace       used 35020K, committed 35328K, reserved 1081344K
  class space    used 4526K, committed 4672K, reserved 1048576K
}
Event: 18.786 GC heap before
{Heap before GC invocations=14 (full 0):
 garbage-first heap   total 45056K, used 26670K [0x00000000c8e00000, 0x0000000100000000)
  region size 1024K, 3 young (3072K), 2 survivors (2048K)
 Metaspace       used 35020K, committed 35328K, reserved 1081344K
  class space    used 4526K, committed 4672K, reserved 1048576K
}
Event: 18.790 GC heap after
{Heap after GC invocations=15 (full 0):
 garbage-first heap   total 45056K, used 24189K [0x00000000c8e00000, 0x0000000100000000)
  region size 1024K, 1 young (1024K), 1 survivors (1024K)
 Metaspace       used 35020K, committed 35328K, reserved 1081344K
  class space    used 4526K, committed 4672K, reserved 1048576K
}
Event: 18.866 GC heap before
{Heap before GC invocations=15 (full 0):
 garbage-first heap   total 45056K, used 31357K [0x00000000c8e00000, 0x0000000100000000)
  region size 1024K, 9 young (9216K), 1 survivors (1024K)
 Metaspace       used 35020K, committed 35328K, reserved 1081344K
  class space    used 4526K, committed 4672K, reserved 1048576K
}
Event: 18.872 GC heap after
{Heap after GC invocations=16 (full 0):
 garbage-first heap   total 45056K, used 26142K [0x00000000c8e00000, 0x0000000100000000)
  region size 1024K, 2 young (2048K), 2 survivors (2048K)
 Metaspace       used 35020K, committed 35328K, reserved 1081344K
  class space    used 4526K, committed 4672K, reserved 1048576K
}
Event: 19.015 GC heap before
{Heap before GC invocations=17 (full 0):
 garbage-first heap   total 51200K, used 33310K [0x00000000c8e00000, 0x0000000100000000)
  region size 1024K, 10 young (10240K), 2 survivors (2048K)
 Metaspace       used 35059K, committed 35392K, reserved 1081344K
  class space    used 4542K, committed 4736K, reserved 1048576K
}
Event: 19.019 GC heap after
{Heap after GC invocations=18 (full 0):
 garbage-first heap   total 51200K, used 28013K [0x00000000c8e00000, 0x0000000100000000)
  region size 1024K, 2 young (2048K), 2 survivors (2048K)
 Metaspace       used 35059K, committed 35392K, reserved 1081344K
  class space    used 4542K, committed 4736K, reserved 1048576K
}
Event: 19.032 GC heap before
{Heap before GC invocations=18 (full 0):
 garbage-first heap   total 51200K, used 28013K [0x00000000c8e00000, 0x0000000100000000)
  region size 1024K, 3 young (3072K), 2 survivors (2048K)
 Metaspace       used 35144K, committed 35520K, reserved 1081344K
  class space    used 4561K, committed 4736K, reserved 1048576K
}
Event: 19.036 GC heap after
{Heap after GC invocations=19 (full 0):
 garbage-first heap   total 51200K, used 27872K [0x00000000c8e00000, 0x0000000100000000)
  region size 1024K, 1 young (1024K), 1 survivors (1024K)
 Metaspace       used 35144K, committed 35520K, reserved 1081344K
  class space    used 4561K, committed 4736K, reserved 1048576K
}
Event: 19.104 GC heap before
{Heap before GC invocations=19 (full 0):
 garbage-first heap   total 51200K, used 38112K [0x00000000c8e00000, 0x0000000100000000)
  region size 1024K, 11 young (11264K), 1 survivors (1024K)
 Metaspace       used 35405K, committed 35712K, reserved 1081344K
  class space    used 4587K, committed 4736K, reserved 1048576K
}
Event: 19.109 GC heap after
{Heap after GC invocations=20 (full 0):
 garbage-first heap   total 120832K, used 29338K [0x00000000c8e00000, 0x0000000100000000)
  region size 1024K, 2 young (2048K), 2 survivors (2048K)
 Metaspace       used 35405K, committed 35712K, reserved 1081344K
  class space    used 4587K, committed 4736K, reserved 1048576K
}
Event: 19.410 GC heap before
{Heap before GC invocations=21 (full 0):
 garbage-first heap   total 120832K, used 78490K [0x00000000c8e00000, 0x0000000100000000)
  region size 1024K, 51 young (52224K), 2 survivors (2048K)
 Metaspace       used 36156K, committed 36480K, reserved 1081344K
  class space    used 4644K, committed 4800K, reserved 1048576K
}
Event: 19.438 GC heap after
{Heap after GC invocations=22 (full 0):
 garbage-first heap   total 120832K, used 37428K [0x00000000c8e00000, 0x0000000100000000)
  region size 1024K, 7 young (7168K), 7 survivors (7168K)
 Metaspace       used 36156K, committed 36480K, reserved 1081344K
  class space    used 4644K, committed 4800K, reserved 1048576K
}
Event: 19.444 GC heap before
{Heap before GC invocations=22 (full 0):
 garbage-first heap   total 120832K, used 38452K [0x00000000c8e00000, 0x0000000100000000)
  region size 1024K, 8 young (8192K), 7 survivors (7168K)
 Metaspace       used 36183K, committed 36480K, reserved 1081344K
  class space    used 4648K, committed 4800K, reserved 1048576K
}
Event: 19.453 GC heap after
{Heap after GC invocations=23 (full 0):
 garbage-first heap   total 120832K, used 38072K [0x00000000c8e00000, 0x0000000100000000)
  region size 1024K, 1 young (1024K), 1 survivors (1024K)
 Metaspace       used 36183K, committed 36480K, reserved 1081344K
  class space    used 4648K, committed 4800K, reserved 1048576K
}
Event: 20.059 GC heap before
{Heap before GC invocations=23 (full 0):
 garbage-first heap   total 120832K, used 81080K [0x00000000c8e00000, 0x0000000100000000)
  region size 1024K, 44 young (45056K), 1 survivors (1024K)
 Metaspace       used 37495K, committed 37760K, reserved 1089536K
  class space    used 4734K, committed 4864K, reserved 1048576K
}
Event: 20.083 GC heap after
{Heap after GC invocations=24 (full 0):
 garbage-first heap   total 120832K, used 48172K [0x00000000c8e00000, 0x0000000100000000)
  region size 1024K, 6 young (6144K), 6 survivors (6144K)
 Metaspace       used 37495K, committed 37760K, reserved 1089536K
  class space    used 4734K, committed 4864K, reserved 1048576K
}
Event: 20.501 GC heap before
{Heap before GC invocations=24 (full 0):
 garbage-first heap   total 120832K, used 87084K [0x00000000c8e00000, 0x0000000100000000)
  region size 1024K, 42 young (43008K), 6 survivors (6144K)
 Metaspace       used 38439K, committed 38720K, reserved 1089536K
  class space    used 4849K, committed 4992K, reserved 1048576K
}
Event: 20.539 GC heap after
{Heap after GC invocations=25 (full 0):
 garbage-first heap   total 120832K, used 64744K [0x00000000c8e00000, 0x0000000100000000)
  region size 1024K, 6 young (6144K), 6 survivors (6144K)
 Metaspace       used 38439K, committed 38720K, reserved 1089536K
  class space    used 4849K, committed 4992K, reserved 1048576K
}
Event: 20.752 GC heap before
{Heap before GC invocations=25 (full 0):
 garbage-first heap   total 120832K, used 87272K [0x00000000c8e00000, 0x0000000100000000)
  region size 1024K, 29 young (29696K), 6 survivors (6144K)
 Metaspace       used 38643K, committed 38976K, reserved 1089536K
  class space    used 4878K, committed 4992K, reserved 1048576K
}

