# JRE version: OpenJDK Runtime Environment Temurin-17.0.4.1+1 (17.0.4.1+1) (build 17.0.4.1+1)
# Java VM: OpenJDK 64-Bit Server VM Temurin-17.0.4.1+1 (17.0.4.1+1, mixed mode, emulated-client, tiered, compressed oops, compressed class ptrs, g1 gc, windows-amd64)
GC Precious Log:
 CPUs: 4 total, 4 available
 Memory: 3522M
 Large Page Support: Disabled
 NUMA Support: Disabled
 Compressed Oops: Enabled (32-bit)
 Heap Region Size: 1M
 Heap Min Capacity: 8M
 Heap Initial Capacity: 56M
 Heap Max Capacity: 882M
 Pre-touch: Disabled
 Parallel Workers: 4
 Concurrent Workers: 1
 Concurrent Refinement Workers: 4
 Periodic GC: Disabled
Heap:
 garbage-first heap   total 164864K, used 81024K [0x00000000c8e00000, 0x0000000100000000)
  region size 1024K, 7 young (7168K), 7 survivors (7168K)
 Metaspace       used 38797K, committed 39232K, reserved 1089536K
  class space    used 4906K, committed 5120K, reserved 1048576K
GC Heap History (20 events):
Event: 11.489 GC heap after
{Heap after GC invocations=23 (full 0):
 garbage-first heap   total 80896K, used 46866K [0x00000000c8e00000, 0x0000000100000000)
  region size 1024K, 3 young (3072K), 3 survivors (3072K)
 Metaspace       used 36772K, committed 37120K, reserved 1081344K
  class space    used 4698K, committed 4864K, reserved 1048576K
}
Event: 12.043 GC heap before
{Heap before GC invocations=24 (full 0):
 garbage-first heap   total 81920K, used 61202K [0x00000000c8e00000, 0x0000000100000000)
  region size 1024K, 18 young (18432K), 3 survivors (3072K)
 Metaspace       used 37570K, committed 37824K, reserved 1089536K
  class space    used 4742K, committed 4864K, reserved 1048576K
}
Event: 12.053 GC heap after
{Heap after GC invocations=25 (full 0):
 garbage-first heap   total 81920K, used 49577K [0x00000000c8e00000, 0x0000000100000000)
  region size 1024K, 3 young (3072K), 3 survivors (3072K)
 Metaspace       used 37570K, committed 37824K, reserved 1089536K
  class space    used 4742K, committed 4864K, reserved 1048576K
}
Event: 12.057 GC heap before
{Heap before GC invocations=25 (full 0):
 garbage-first heap   total 81920K, used 50601K [0x00000000c8e00000, 0x0000000100000000)
  region size 1024K, 4 young (4096K), 3 survivors (3072K)
 Metaspace       used 37586K, committed 37888K, reserved 1089536K
  class space    used 4742K, committed 4864K, reserved 1048576K
}
Event: 12.065 GC heap after
{Heap after GC invocations=26 (full 0):
 garbage-first heap   total 164864K, used 49321K [0x00000000c8e00000, 0x0000000100000000)
  region size 1024K, 1 young (1024K), 1 survivors (1024K)
 Metaspace       used 37586K, committed 37888K, reserved 1089536K
  class space    used 4742K, committed 4864K, reserved 1048576K
}
Event: 13.180 GC heap before
{Heap before GC invocations=26 (full 0):
 garbage-first heap   total 164864K, used 110761K [0x00000000c8e00000, 0x0000000100000000)
  region size 1024K, 60 young (61440K), 1 survivors (1024K)
 Metaspace       used 38659K, committed 38976K, reserved 1089536K
  class space    used 4881K, committed 4992K, reserved 1048576K
}
Event: 13.224 GC heap after
{Heap after GC invocations=27 (full 0):
 garbage-first heap   total 164864K, used 66336K [0x00000000c8e00000, 0x0000000100000000)
  region size 1024K, 8 young (8192K), 8 survivors (8192K)
 Metaspace       used 38659K, committed 38976K, reserved 1089536K
  class space    used 4881K, committed 4992K, reserved 1048576K
}
Event: 13.379 GC heap before
{Heap before GC invocations=27 (full 0):
 garbage-first heap   total 164864K, used 105248K [0x00000000c8e00000, 0x0000000100000000)
  region size 1024K, 47 young (48128K), 8 survivors (8192K)
 Metaspace       used 38797K, committed 39232K, reserved 1089536K
  class space    used 4906K, committed 5120K, reserved 1048576K
}
Event: 13.395 GC heap after
{Heap after GC invocations=28 (full 0):
 garbage-first heap   total 164864K, used 69289K [0x00000000c8e00000, 0x0000000100000000)
  region size 1024K, 3 young (3072K), 3 survivors (3072K)
 Metaspace       used 38797K, committed 39232K, reserved 1089536K
  class space    used 4906K, committed 5120K, reserved 1048576K
}
Event: 13.632 GC heap before
{Heap before GC invocations=28 (full 0):
 garbage-first heap   total 164864K, used 111273K [0x00000000c8e00000, 0x0000000100000000)
  region size 1024K, 45 young (46080K), 3 survivors (3072K)
 Metaspace       used 38797K, committed 39232K, reserved 1089536K
  class space    used 4906K, committed 5120K, reserved 1048576K
}
Event: 13.636 GC heap after
{Heap after GC invocations=29 (full 0):
 garbage-first heap   total 164864K, used 70400K [0x00000000c8e00000, 0x0000000100000000)
  region size 1024K, 4 young (4096K), 4 survivors (4096K)
 Metaspace       used 38797K, committed 39232K, reserved 1089536K
  class space    used 4906K, committed 5120K, reserved 1048576K
}
Event: 13.847 GC heap before
{Heap before GC invocations=29 (full 0):
 garbage-first heap   total 164864K, used 118528K [0x00000000c8e00000, 0x0000000100000000)
  region size 1024K, 52 young (53248K), 4 survivors (4096K)
 Metaspace       used 38797K, committed 39232K, reserved 1089536K
  class space    used 4906K, committed 5120K, reserved 1048576K
}
Event: 13.852 GC heap after
{Heap after GC invocations=30 (full 0):
 garbage-first heap   total 164864K, used 72223K [0x00000000c8e00000, 0x0000000100000000)
  region size 1024K, 6 young (6144K), 6 survivors (6144K)
 Metaspace       used 38797K, committed 39232K, reserved 1089536K
  class space    used 4906K, committed 5120K, reserved 1048576K
}
Event: 14.185 GC heap before
{Heap before GC invocations=30 (full 0):
 garbage-first heap   total 164864K, used 122399K [0x00000000c8e00000, 0x0000000100000000)
  region size 1024K, 56 young (57344K), 6 survivors (6144K)
 Metaspace       used 38797K, committed 39232K, reserved 1089536K
  class space    used 4906K, committed 5120K, reserved 1048576K
}
Event: 14.192 GC heap after
{Heap after GC invocations=31 (full 0):
 garbage-first heap   total 164864K, used 74107K [0x00000000c8e00000, 0x0000000100000000)
  region size 1024K, 6 young (6144K), 6 survivors (6144K)
 Metaspace       used 38797K, committed 39232K, reserved 1089536K
  class space    used 4906K, committed 5120K, reserved 1048576K
}
Event: 14.470 GC heap before
{Heap before GC invocations=31 (full 0):
 garbage-first heap   total 164864K, used 126331K [0x00000000c8e00000, 0x0000000100000000)
  region size 1024K, 58 young (59392K), 6 survivors (6144K)
 Metaspace       used 38797K, committed 39232K, reserved 1089536K
  class space    used 4906K, committed 5120K, reserved 1048576K
}
Event: 14.475 GC heap after
{Heap after GC invocations=32 (full 0):
 garbage-first heap   total 164864K, used 76250K [0x00000000c8e00000, 0x0000000100000000)
  region size 1024K, 6 young (6144K), 6 survivors (6144K)
 Metaspace       used 38797K, committed 39232K, reserved 1089536K
  class space    used 4906K, committed 5120K, reserved 1048576K
}
Event: 14.639 GC heap before
{Heap before GC invocations=32 (full 0):
 garbage-first heap   total 164864K, used 129498K [0x00000000c8e00000, 0x0000000100000000)
  region size 1024K, 59 young (60416K), 6 survivors (6144K)
 Metaspace       used 38797K, committed 39232K, reserved 1089536K
  class space    used 4906K, committed 5120K, reserved 1048576K
}
Event: 14.646 GC heap after
{Heap after GC invocations=33 (full 0):
 garbage-first heap   total 164864K, used 78385K [0x00000000c8e00000, 0x0000000100000000)
  region size 1024K, 6 young (6144K), 6 survivors (6144K)
 Metaspace       used 38797K, committed 39232K, reserved 1089536K
  class space    used 4906K, committed 5120K, reserved 1048576K
}
Event: 14.816 GC heap before
{Heap before GC invocations=33 (full 0):
 garbage-first heap   total 164864K, used 131633K [0x00000000c8e00000, 0x0000000100000000)
  region size 1024K, 59 young (60416K), 6 survivors (6144K)
 Metaspace       used 38797K, committed 39232K, reserved 1089536K
  class space    used 4906K, committed 5120K, reserved 1048576K
}

