# JRE version: OpenJDK Runtime Environment Temurin-17.0.4.1+1 (17.0.4.1+1) (build 17.0.4.1+1)
# Java VM: OpenJDK 64-Bit Server VM Temurin-17.0.4.1+1 (17.0.4.1+1, mixed mode, emulated-client, tiered, compressed oops, compressed class ptrs, g1 gc, windows-amd64)
GC Precious Log:
 CPUs: 4 total, 4 available
 Memory: 3522M
 Large Page Support: Disabled
 NUMA Support: Disabled
 Compressed Oops: Enabled (32-bit)
 Heap Region Size: 1M
 Heap Min Capacity: 8M
 Heap Initial Capacity: 56M
 Heap Max Capacity: 882M
 Pre-touch: Disabled
 Parallel Workers: 4
 Concurrent Workers: 1
 Concurrent Refinement Workers: 4
 Periodic GC: Disabled
Heap:
 garbage-first heap   total 203776K, used 83272K [0x00000000c8e00000, 0x0000000100000000)
  region size 1024K, 6 young (6144K), 6 survivors (6144K)
 Metaspace       used 42703K, committed 43072K, reserved 1089536K
  class space    used 5289K, committed 5504K, reserved 1048576K
GC Heap History (20 events):
Event: 6.896 GC heap after
{Heap after GC invocations=16 (full 0):
 garbage-first heap   total 122880K, used 31338K [0x00000000c8e00000, 0x0000000100000000)
  region size 1024K, 2 young (2048K), 2 survivors (2048K)
 Metaspace       used 36671K, committed 36992K, reserved 1081344K
  class space    used 4716K, committed 4864K, reserved 1048576K
}
Event: 7.284 GC heap before
{Heap before GC invocations=17 (full 0):
 garbage-first heap   total 122880K, used 87658K [0x00000000c8e00000, 0x0000000100000000)
  region size 1024K, 57 young (58368K), 2 survivors (2048K)
 Metaspace       used 37513K, committed 37888K, reserved 1089536K
  class space    used 4753K, committed 4928K, reserved 1048576K
}
Event: 7.309 GC heap after
{Heap after GC invocations=18 (full 0):
 garbage-first heap   total 122880K, used 43910K [0x00000000c8e00000, 0x0000000100000000)
  region size 1024K, 8 young (8192K), 8 survivors (8192K)
 Metaspace       used 37513K, committed 37888K, reserved 1089536K
  class space    used 4753K, committed 4928K, reserved 1048576K
}
Event: 7.813 GC heap before
{Heap before GC invocations=18 (full 0):
 garbage-first heap   total 122880K, used 84870K [0x00000000c8e00000, 0x0000000100000000)
  region size 1024K, 48 young (49152K), 8 survivors (8192K)
 Metaspace       used 38763K, committed 39104K, reserved 1089536K
  class space    used 4911K, committed 5056K, reserved 1048576K
}
Event: 7.837 GC heap after
{Heap after GC invocations=19 (full 0):
 garbage-first heap   total 122880K, used 56320K [0x00000000c8e00000, 0x0000000100000000)
  region size 1024K, 6 young (6144K), 6 survivors (6144K)
 Metaspace       used 38763K, committed 39104K, reserved 1089536K
  class space    used 4911K, committed 5056K, reserved 1048576K
}
Event: 8.213 GC heap before
{Heap before GC invocations=19 (full 0):
 garbage-first heap   total 122880K, used 88064K [0x00000000c8e00000, 0x0000000100000000)
  region size 1024K, 37 young (37888K), 6 survivors (6144K)
 Metaspace       used 40212K, committed 40640K, reserved 1089536K
  class space    used 5019K, committed 5248K, reserved 1048576K
}
Event: 8.251 GC heap after
{Heap after GC invocations=20 (full 0):
 garbage-first heap   total 122880K, used 70656K [0x00000000c8e00000, 0x0000000100000000)
  region size 1024K, 5 young (5120K), 5 survivors (5120K)
 Metaspace       used 40212K, committed 40640K, reserved 1089536K
  class space    used 5019K, committed 5248K, reserved 1048576K
}
Event: 8.365 GC heap before
{Heap before GC invocations=20 (full 0):
 garbage-first heap   total 122880K, used 91136K [0x00000000c8e00000, 0x0000000100000000)
  region size 1024K, 26 young (26624K), 5 survivors (5120K)
 Metaspace       used 40542K, committed 40960K, reserved 1089536K
  class space    used 5047K, committed 5248K, reserved 1048576K
}
Event: 8.376 GC heap after
{Heap after GC invocations=21 (full 0):
 garbage-first heap   total 122880K, used 73141K [0x00000000c8e00000, 0x0000000100000000)
  region size 1024K, 2 young (2048K), 2 survivors (2048K)
 Metaspace       used 40542K, committed 40960K, reserved 1089536K
  class space    used 5047K, committed 5248K, reserved 1048576K
}
Event: 8.444 GC heap before
{Heap before GC invocations=21 (full 0):
 garbage-first heap   total 122880K, used 92597K [0x00000000c8e00000, 0x0000000100000000)
  region size 1024K, 22 young (22528K), 2 survivors (2048K)
 Metaspace       used 40641K, committed 41024K, reserved 1089536K
  class space    used 5053K, committed 5248K, reserved 1048576K
}
Event: 8.449 GC heap after
{Heap after GC invocations=22 (full 0):
 garbage-first heap   total 203776K, used 74006K [0x00000000c8e00000, 0x0000000100000000)
  region size 1024K, 3 young (3072K), 3 survivors (3072K)
 Metaspace       used 40641K, committed 41024K, reserved 1089536K
  class space    used 5053K, committed 5248K, reserved 1048576K
}
Event: 8.714 GC heap before
{Heap before GC invocations=23 (full 0):
 garbage-first heap   total 203776K, used 133398K [0x00000000c8e00000, 0x0000000100000000)
  region size 1024K, 63 young (64512K), 3 survivors (3072K)
 Metaspace       used 41273K, committed 41664K, reserved 1089536K
  class space    used 5125K, committed 5312K, reserved 1048576K
}
Event: 8.792 GC heap after
{Heap after GC invocations=24 (full 0):
 garbage-first heap   total 203776K, used 75178K [0x00000000c8e00000, 0x0000000100000000)
  region size 1024K, 5 young (5120K), 5 survivors (5120K)
 Metaspace       used 41273K, committed 41664K, reserved 1089536K
  class space    used 5125K, committed 5312K, reserved 1048576K
}
Event: 8.841 GC heap before
{Heap before GC invocations=24 (full 0):
 garbage-first heap   total 203776K, used 78250K [0x00000000c8e00000, 0x0000000100000000)
  region size 1024K, 9 young (9216K), 5 survivors (5120K)
 Metaspace       used 41275K, committed 41664K, reserved 1089536K
  class space    used 5126K, committed 5312K, reserved 1048576K
}
Event: 8.850 GC heap after
{Heap after GC invocations=25 (full 0):
 garbage-first heap   total 203776K, used 74785K [0x00000000c8e00000, 0x0000000100000000)
  region size 1024K, 1 young (1024K), 1 survivors (1024K)
 Metaspace       used 41275K, committed 41664K, reserved 1089536K
  class space    used 5126K, committed 5312K, reserved 1048576K
}
Event: 9.003 GC heap before
{Heap before GC invocations=25 (full 0):
 garbage-first heap   total 203776K, used 146465K [0x00000000c8e00000, 0x0000000100000000)
  region size 1024K, 72 young (73728K), 1 survivors (1024K)
 Metaspace       used 41832K, committed 42240K, reserved 1089536K
  class space    used 5177K, committed 5376K, reserved 1048576K
}
Event: 9.010 GC heap after
{Heap after GC invocations=26 (full 0):
 garbage-first heap   total 203776K, used 77502K [0x00000000c8e00000, 0x0000000100000000)
  region size 1024K, 4 young (4096K), 4 survivors (4096K)
 Metaspace       used 41832K, committed 42240K, reserved 1089536K
  class space    used 5177K, committed 5376K, reserved 1048576K
}
Event: 9.141 GC heap before
{Heap before GC invocations=26 (full 0):
 garbage-first heap   total 203776K, used 150206K [0x00000000c8e00000, 0x0000000100000000)
  region size 1024K, 76 young (77824K), 4 survivors (4096K)
 Metaspace       used 42388K, committed 42752K, reserved 1089536K
  class space    used 5257K, committed 5440K, reserved 1048576K
}
Event: 9.159 GC heap after
{Heap after GC invocations=27 (full 0):
 garbage-first heap   total 203776K, used 80470K [0x00000000c8e00000, 0x0000000100000000)
  region size 1024K, 7 young (7168K), 7 survivors (7168K)
 Metaspace       used 42388K, committed 42752K, reserved 1089536K
  class space    used 5257K, committed 5440K, reserved 1048576K
}
Event: 9.308 GC heap before
{Heap before GC invocations=27 (full 0):
 garbage-first heap   total 203776K, used 155222K [0x00000000c8e00000, 0x0000000100000000)
  region size 1024K, 81 young (82944K), 7 survivors (7168K)
 Metaspace       used 42703K, committed 43072K, reserved 1089536K
  class space    used 5289K, committed 5504K, reserved 1048576K
}

