# JRE version: OpenJDK Runtime Environment Temurin-17.0.4.1+1 (17.0.4.1+1) (build 17.0.4.1+1)
# Java VM: OpenJDK 64-Bit Server VM Temurin-17.0.4.1+1 (17.0.4.1+1, mixed mode, emulated-client, tiered, compressed oops, compressed class ptrs, g1 gc, windows-amd64)
GC Precious Log:
 CPUs: 4 total, 4 available
 Memory: 3522M
 Large Page Support: Disabled
 NUMA Support: Disabled
 Compressed Oops: Enabled (32-bit)
 Heap Region Size: 1M
 Heap Min Capacity: 8M
 Heap Initial Capacity: 56M
 Heap Max Capacity: 882M
 Pre-touch: Disabled
 Parallel Workers: 4
 Concurrent Workers: 1
 Concurrent Refinement Workers: 4
 Periodic GC: Disabled
Heap:
 garbage-first heap   total 277504K, used 121874K [0x00000000c8e00000, 0x0000000100000000)
  region size 1024K, 10 young (10240K), 10 survivors (10240K)
 Metaspace       used 46459K, committed 46848K, reserved 1097728K
  class space    used 5732K, committed 5888K, reserved 1048576K
GC Heap History (20 events):
Event: 7.935 GC heap after
{Heap after GC invocations=24 (full 0):
 garbage-first heap   total 169984K, used 78616K [0x00000000c8e00000, 0x0000000100000000)
  region size 1024K, 7 young (7168K), 7 survivors (7168K)
 Metaspace       used 43355K, committed 43776K, reserved 1089536K
  class space    used 5393K, committed 5568K, reserved 1048576K
}
Event: 8.090 GC heap before
{Heap before GC invocations=24 (full 0):
 garbage-first heap   total 169984K, used 119576K [0x00000000c8e00000, 0x0000000100000000)
  region size 1024K, 48 young (49152K), 7 survivors (7168K)
 Metaspace       used 43865K, committed 44288K, reserved 1089536K
  class space    used 5450K, committed 5632K, reserved 1048576K
}
Event: 8.118 GC heap after
{Heap after GC invocations=25 (full 0):
 garbage-first heap   total 169984K, used 82574K [0x00000000c8e00000, 0x0000000100000000)
  region size 1024K, 4 young (4096K), 4 survivors (4096K)
 Metaspace       used 43865K, committed 44288K, reserved 1089536K
  class space    used 5450K, committed 5632K, reserved 1048576K
}
Event: 8.249 GC heap before
{Heap before GC invocations=25 (full 0):
 garbage-first heap   total 169984K, used 124558K [0x00000000c8e00000, 0x0000000100000000)
  region size 1024K, 46 young (47104K), 4 survivors (4096K)
 Metaspace       used 44221K, committed 44608K, reserved 1089536K
  class space    used 5472K, committed 5632K, reserved 1048576K
}
Event: 8.260 GC heap after
{Heap after GC invocations=26 (full 0):
 garbage-first heap   total 277504K, used 84596K [0x00000000c8e00000, 0x0000000100000000)
  region size 1024K, 3 young (3072K), 3 survivors (3072K)
 Metaspace       used 44221K, committed 44608K, reserved 1089536K
  class space    used 5472K, committed 5632K, reserved 1048576K
}
Event: 9.105 GC heap before
{Heap before GC invocations=27 (full 0):
 garbage-first heap   total 277504K, used 197236K [0x00000000c8e00000, 0x0000000100000000)
  region size 1024K, 115 young (117760K), 3 survivors (3072K)
 Metaspace       used 45282K, committed 45696K, reserved 1089536K
  class space    used 5587K, committed 5760K, reserved 1048576K
}
Event: 9.121 GC heap after
{Heap after GC invocations=28 (full 0):
 garbage-first heap   total 277504K, used 88707K [0x00000000c8e00000, 0x0000000100000000)
  region size 1024K, 8 young (8192K), 8 survivors (8192K)
 Metaspace       used 45282K, committed 45696K, reserved 1089536K
  class space    used 5587K, committed 5760K, reserved 1048576K
}
Event: 9.171 GC heap before
{Heap before GC invocations=28 (full 0):
 garbage-first heap   total 277504K, used 92803K [0x00000000c8e00000, 0x0000000100000000)
  region size 1024K, 13 young (13312K), 8 survivors (8192K)
 Metaspace       used 45330K, committed 45760K, reserved 1089536K
  class space    used 5588K, committed 5760K, reserved 1048576K
}
Event: 9.179 GC heap after
{Heap after GC invocations=29 (full 0):
 garbage-first heap   total 277504K, used 87796K [0x00000000c8e00000, 0x0000000100000000)
  region size 1024K, 1 young (1024K), 1 survivors (1024K)
 Metaspace       used 45330K, committed 45760K, reserved 1089536K
  class space    used 5588K, committed 5760K, reserved 1048576K
}
Event: 9.823 GC heap before
{Heap before GC invocations=29 (full 0):
 garbage-first heap   total 277504K, used 207604K [0x00000000c8e00000, 0x0000000100000000)
  region size 1024K, 119 young (121856K), 1 survivors (1024K)
 Metaspace       used 46287K, committed 46720K, reserved 1097728K
  class space    used 5696K, committed 5888K, reserved 1048576K
}
Event: 9.831 GC heap after
{Heap after GC invocations=30 (full 0):
 garbage-first heap   total 277504K, used 93168K [0x00000000c8e00000, 0x0000000100000000)
  region size 1024K, 7 young (7168K), 7 survivors (7168K)
 Metaspace       used 46287K, committed 46720K, reserved 1097728K
  class space    used 5696K, committed 5888K, reserved 1048576K
}
Event: 10.328 GC heap before
{Heap before GC invocations=30 (full 0):
 garbage-first heap   total 277504K, used 212976K [0x00000000c8e00000, 0x0000000100000000)
  region size 1024K, 125 young (128000K), 7 survivors (7168K)
 Metaspace       used 46458K, committed 46848K, reserved 1097728K
  class space    used 5731K, committed 5888K, reserved 1048576K
}
Event: 10.344 GC heap after
{Heap after GC invocations=31 (full 0):
 garbage-first heap   total 277504K, used 101855K [0x00000000c8e00000, 0x0000000100000000)
  region size 1024K, 15 young (15360K), 15 survivors (15360K)
 Metaspace       used 46458K, committed 46848K, reserved 1097728K
  class space    used 5731K, committed 5888K, reserved 1048576K
}
Event: 10.517 GC heap before
{Heap before GC invocations=31 (full 0):
 garbage-first heap   total 277504K, used 216543K [0x00000000c8e00000, 0x0000000100000000)
  region size 1024K, 128 young (131072K), 15 survivors (15360K)
 Metaspace       used 46459K, committed 46848K, reserved 1097728K
  class space    used 5732K, committed 5888K, reserved 1048576K
}
Event: 10.533 GC heap after
{Heap after GC invocations=32 (full 0):
 garbage-first heap   total 277504K, used 106753K [0x00000000c8e00000, 0x0000000100000000)
  region size 1024K, 14 young (14336K), 14 survivors (14336K)
 Metaspace       used 46459K, committed 46848K, reserved 1097728K
  class space    used 5732K, committed 5888K, reserved 1048576K
}
Event: 10.697 GC heap before
{Heap before GC invocations=32 (full 0):
 garbage-first heap   total 277504K, used 221441K [0x00000000c8e00000, 0x0000000100000000)
  region size 1024K, 127 young (130048K), 14 survivors (14336K)
 Metaspace       used 46459K, committed 46848K, reserved 1097728K
  class space    used 5732K, committed 5888K, reserved 1048576K
}
Event: 10.715 GC heap after
{Heap after GC invocations=33 (full 0):
 garbage-first heap   total 277504K, used 111337K [0x00000000c8e00000, 0x0000000100000000)
  region size 1024K, 10 young (10240K), 10 survivors (10240K)
 Metaspace       used 46459K, committed 46848K, reserved 1097728K
  class space    used 5732K, committed 5888K, reserved 1048576K
}
Event: 10.857 GC heap before
{Heap before GC invocations=33 (full 0):
 garbage-first heap   total 277504K, used 225001K [0x00000000c8e00000, 0x0000000100000000)
  region size 1024K, 122 young (124928K), 10 survivors (10240K)
 Metaspace       used 46459K, committed 46848K, reserved 1097728K
  class space    used 5732K, committed 5888K, reserved 1048576K
}
Event: 10.870 GC heap after
{Heap after GC invocations=34 (full 0):
 garbage-first heap   total 277504K, used 116989K [0x00000000c8e00000, 0x0000000100000000)
  region size 1024K, 10 young (10240K), 10 survivors (10240K)
 Metaspace       used 46459K, committed 46848K, reserved 1097728K
  class space    used 5732K, committed 5888K, reserved 1048576K
}
Event: 11.007 GC heap before
{Heap before GC invocations=34 (full 0):
 garbage-first heap   total 277504K, used 227581K [0x00000000c8e00000, 0x0000000100000000)
  region size 1024K, 119 young (121856K), 10 survivors (10240K)
 Metaspace       used 46459K, committed 46848K, reserved 1097728K
  class space    used 5732K, committed 5888K, reserved 1048576K
}

