# JRE version: OpenJDK Runtime Environment Temurin-17.0.4.1+1 (17.0.4.1+1) (build 17.0.4.1+1)
# Java VM: OpenJDK 64-Bit Server VM Temurin-17.0.4.1+1 (17.0.4.1+1, mixed mode, emulated-client, tiered, compressed oops, compressed class ptrs, g1 gc, windows-amd64)
GC Precious Log:
 CPUs: 4 total, 4 available
 Memory: 3522M
 Large Page Support: Disabled
 NUMA Support: Disabled
 Compressed Oops: Enabled (32-bit)
 Heap Region Size: 1M
 Heap Min Capacity: 8M
 Heap Initial Capacity: 56M
 Heap Max Capacity: 882M
 Pre-touch: Disabled
 Parallel Workers: 4
 Concurrent Workers: 1
 Concurrent Refinement Workers: 4
 Periodic GC: Disabled
Heap:
 garbage-first heap   total 236544K, used 121359K [0x00000000c8e00000, 0x0000000100000000)
  region size 1024K, 6 young (6144K), 6 survivors (6144K)
 Metaspace       used 46437K, committed 46784K, reserved 1097728K
  class space    used 5738K, committed 5888K, reserved 1048576K
GC Heap History (20 events):
Event: 16.307 GC heap after
{Heap after GC invocations=29 (full 0):
 garbage-first heap   total 236544K, used 75237K [0x00000000c8e00000, 0x0000000100000000)
  region size 1024K, 4 young (4096K), 4 survivors (4096K)
 Metaspace       used 41447K, committed 41856K, reserved 1089536K
  class space    used 5157K, committed 5376K, reserved 1048576K
}
Event: 16.909 GC heap before
{Heap before GC invocations=29 (full 0):
 garbage-first heap   total 236544K, used 177637K [0x00000000c8e00000, 0x0000000100000000)
  region size 1024K, 105 young (107520K), 4 survivors (4096K)
 Metaspace       used 42018K, committed 42368K, reserved 1089536K
  class space    used 5209K, committed 5376K, reserved 1048576K
}
Event: 16.923 GC heap after
{Heap after GC invocations=30 (full 0):
 garbage-first heap   total 236544K, used 79334K [0x00000000c8e00000, 0x0000000100000000)
  region size 1024K, 8 young (8192K), 8 survivors (8192K)
 Metaspace       used 42018K, committed 42368K, reserved 1089536K
  class space    used 5209K, committed 5376K, reserved 1048576K
}
Event: 17.516 GC heap before
{Heap before GC invocations=30 (full 0):
 garbage-first heap   total 236544K, used 181734K [0x00000000c8e00000, 0x0000000100000000)
  region size 1024K, 109 young (111616K), 8 survivors (8192K)
 Metaspace       used 42600K, committed 43008K, reserved 1089536K
  class space    used 5292K, committed 5504K, reserved 1048576K
}
Event: 17.538 GC heap after
{Heap after GC invocations=31 (full 0):
 garbage-first heap   total 236544K, used 83253K [0x00000000c8e00000, 0x0000000100000000)
  region size 1024K, 8 young (8192K), 8 survivors (8192K)
 Metaspace       used 42600K, committed 43008K, reserved 1089536K
  class space    used 5292K, committed 5504K, reserved 1048576K
}
Event: 18.117 GC heap before
{Heap before GC invocations=31 (full 0):
 garbage-first heap   total 236544K, used 186677K [0x00000000c8e00000, 0x0000000100000000)
  region size 1024K, 110 young (112640K), 8 survivors (8192K)
 Metaspace       used 43218K, committed 43584K, reserved 1089536K
  class space    used 5377K, committed 5568K, reserved 1048576K
}
Event: 18.129 GC heap after
{Heap after GC invocations=32 (full 0):
 garbage-first heap   total 236544K, used 88177K [0x00000000c8e00000, 0x0000000100000000)
  region size 1024K, 9 young (9216K), 9 survivors (9216K)
 Metaspace       used 43218K, committed 43584K, reserved 1089536K
  class space    used 5377K, committed 5568K, reserved 1048576K
}
Event: 18.599 GC heap before
{Heap before GC invocations=32 (full 0):
 garbage-first heap   total 236544K, used 189553K [0x00000000c8e00000, 0x0000000100000000)
  region size 1024K, 109 young (111616K), 9 survivors (9216K)
 Metaspace       used 44651K, committed 45120K, reserved 1089536K
  class space    used 5544K, committed 5760K, reserved 1048576K
}
Event: 18.617 GC heap after
{Heap after GC invocations=33 (full 0):
 garbage-first heap   total 236544K, used 94160K [0x00000000c8e00000, 0x0000000100000000)
  region size 1024K, 11 young (11264K), 11 survivors (11264K)
 Metaspace       used 44651K, committed 45120K, reserved 1089536K
  class space    used 5544K, committed 5760K, reserved 1048576K
}
Event: 19.237 GC heap before
{Heap before GC invocations=33 (full 0):
 garbage-first heap   total 236544K, used 191440K [0x00000000c8e00000, 0x0000000100000000)
  region size 1024K, 107 young (109568K), 11 survivors (11264K)
 Metaspace       used 45683K, committed 46080K, reserved 1089536K
  class space    used 5648K, committed 5824K, reserved 1048576K
}
Event: 19.258 GC heap after
{Heap after GC invocations=34 (full 0):
 garbage-first heap   total 236544K, used 98780K [0x00000000c8e00000, 0x0000000100000000)
  region size 1024K, 11 young (11264K), 11 survivors (11264K)
 Metaspace       used 45683K, committed 46080K, reserved 1089536K
  class space    used 5648K, committed 5824K, reserved 1048576K
}
Event: 19.808 GC heap before
{Heap before GC invocations=34 (full 0):
 garbage-first heap   total 236544K, used 194012K [0x00000000c8e00000, 0x0000000100000000)
  region size 1024K, 105 young (107520K), 11 survivors (11264K)
 Metaspace       used 46210K, committed 46592K, reserved 1097728K
  class space    used 5709K, committed 5888K, reserved 1048576K
}
Event: 19.824 GC heap after
{Heap after GC invocations=35 (full 0):
 garbage-first heap   total 236544K, used 103042K [0x00000000c8e00000, 0x0000000100000000)
  region size 1024K, 9 young (9216K), 9 survivors (9216K)
 Metaspace       used 46210K, committed 46592K, reserved 1097728K
  class space    used 5709K, committed 5888K, reserved 1048576K
}
Event: 20.427 GC heap before
{Heap before GC invocations=35 (full 0):
 garbage-first heap   total 236544K, used 195202K [0x00000000c8e00000, 0x0000000100000000)
  region size 1024K, 100 young (102400K), 9 survivors (9216K)
 Metaspace       used 46417K, committed 46784K, reserved 1097728K
  class space    used 5735K, committed 5888K, reserved 1048576K
}
Event: 20.453 GC heap after
{Heap after GC invocations=36 (full 0):
 garbage-first heap   total 236544K, used 108971K [0x00000000c8e00000, 0x0000000100000000)
  region size 1024K, 11 young (11264K), 11 survivors (11264K)
 Metaspace       used 46417K, committed 46784K, reserved 1097728K
  class space    used 5735K, committed 5888K, reserved 1048576K
}
Event: 20.667 GC heap before
{Heap before GC invocations=36 (full 0):
 garbage-first heap   total 236544K, used 196011K [0x00000000c8e00000, 0x0000000100000000)
  region size 1024K, 97 young (99328K), 11 survivors (11264K)
 Metaspace       used 46437K, committed 46784K, reserved 1097728K
  class space    used 5738K, committed 5888K, reserved 1048576K
}
Event: 20.690 GC heap after
{Heap after GC invocations=37 (full 0):
 garbage-first heap   total 236544K, used 114775K [0x00000000c8e00000, 0x0000000100000000)
  region size 1024K, 12 young (12288K), 12 survivors (12288K)
 Metaspace       used 46437K, committed 46784K, reserved 1097728K
  class space    used 5738K, committed 5888K, reserved 1048576K
}
Event: 20.872 GC heap before
{Heap before GC invocations=37 (full 0):
 garbage-first heap   total 236544K, used 195671K [0x00000000c8e00000, 0x0000000100000000)
  region size 1024K, 92 young (94208K), 12 survivors (12288K)
 Metaspace       used 46437K, committed 46784K, reserved 1097728K
  class space    used 5738K, committed 5888K, reserved 1048576K
}
Event: 20.892 GC heap after
{Heap after GC invocations=38 (full 0):
 garbage-first heap   total 236544K, used 118918K [0x00000000c8e00000, 0x0000000100000000)
  region size 1024K, 10 young (10240K), 10 survivors (10240K)
 Metaspace       used 46437K, committed 46784K, reserved 1097728K
  class space    used 5738K, committed 5888K, reserved 1048576K
}
Event: 20.984 GC heap before
{Heap before GC invocations=38 (full 0):
 garbage-first heap   total 236544K, used 196742K [0x00000000c8e00000, 0x0000000100000000)
  region size 1024K, 87 young (89088K), 10 survivors (10240K)
 Metaspace       used 46437K, committed 46784K, reserved 1097728K
  class space    used 5738K, committed 5888K, reserved 1048576K
}

