# JRE version: OpenJDK Runtime Environment Temurin-17.0.4.1+1 (17.0.4.1+1) (build 17.0.4.1+1)
# Java VM: OpenJDK 64-Bit Server VM Temurin-17.0.4.1+1 (17.0.4.1+1, mixed mode, emulated-client, tiered, compressed oops, compressed class ptrs, g1 gc, windows-amd64)
GC Precious Log:
 CPUs: 4 total, 4 available
 Memory: 3522M
 Large Page Support: Disabled
 NUMA Support: Disabled
 Compressed Oops: Enabled (32-bit)
 Heap Region Size: 1M
 Heap Min Capacity: 8M
 Heap Initial Capacity: 56M
 Heap Max Capacity: 882M
 Pre-touch: Disabled
 Parallel Workers: 4
 Concurrent Workers: 1
 Concurrent Refinement Workers: 4
 Periodic GC: Disabled
Heap:
 garbage-first heap   total 81920K, used 24195K [0x00000000c8e00000, 0x0000000100000000)
  region size 1024K, 1 young (1024K), 0 survivors (0K)
 Metaspace       used 43796K, committed 44096K, reserved 1089536K
  class space    used 6137K, committed 6272K, reserved 1048576K
GC Heap History (20 events):
Event: 3365.254 GC heap before
{Heap before GC invocations=263 (full 207):
 garbage-first heap   total 81920K, used 24195K [0x00000000c8e00000, 0x0000000100000000)
  region size 1024K, 1 young (1024K), 0 survivors (0K)
 Metaspace       used 43796K, committed 44096K, reserved 1089536K
  class space    used 6137K, committed 6272K, reserved 1048576K
}
Event: 3365.319 GC heap after
{Heap after GC invocations=264 (full 208):
 garbage-first heap   total 81920K, used 24195K [0x00000000c8e00000, 0x0000000100000000)
  region size 1024K, 0 young (0K), 0 survivors (0K)
 Metaspace       used 43796K, committed 44096K, reserved 1089536K
  class space    used 6137K, committed 6272K, reserved 1048576K
}
Event: 3375.823 GC heap before
{Heap before GC invocations=264 (full 208):
 garbage-first heap   total 81920K, used 24195K [0x00000000c8e00000, 0x0000000100000000)
  region size 1024K, 1 young (1024K), 0 survivors (0K)
 Metaspace       used 43796K, committed 44096K, reserved 1089536K
  class space    used 6137K, committed 6272K, reserved 1048576K
}
Event: 3375.880 GC heap after
{Heap after GC invocations=265 (full 209):
 garbage-first heap   total 81920K, used 24195K [0x00000000c8e00000, 0x0000000100000000)
  region size 1024K, 0 young (0K), 0 survivors (0K)
 Metaspace       used 43796K, committed 44096K, reserved 1089536K
  class space    used 6137K, committed 6272K, reserved 1048576K
}
Event: 3386.134 GC heap before
{Heap before GC invocations=265 (full 209):
 garbage-first heap   total 81920K, used 24195K [0x00000000c8e00000, 0x0000000100000000)
  region size 1024K, 1 young (1024K), 0 survivors (0K)
 Metaspace       used 43796K, committed 44096K, reserved 1089536K
  class space    used 6137K, committed 6272K, reserved 1048576K
}
Event: 3386.194 GC heap after
{Heap after GC invocations=266 (full 210):
 garbage-first heap   total 81920K, used 24195K [0x00000000c8e00000, 0x0000000100000000)
  region size 1024K, 0 young (0K), 0 survivors (0K)
 Metaspace       used 43796K, committed 44096K, reserved 1089536K
  class space    used 6137K, committed 6272K, reserved 1048576K
}
Event: 3396.578 GC heap before
{Heap before GC invocations=266 (full 210):
 garbage-first heap   total 81920K, used 24195K [0x00000000c8e00000, 0x0000000100000000)
  region size 1024K, 1 young (1024K), 0 survivors (0K)
 Metaspace       used 43796K, committed 44096K, reserved 1089536K
  class space    used 6137K, committed 6272K, reserved 1048576K
}
Event: 3396.636 GC heap after
{Heap after GC invocations=267 (full 211):
 garbage-first heap   total 81920K, used 24195K [0x00000000c8e00000, 0x0000000100000000)
  region size 1024K, 0 young (0K), 0 survivors (0K)
 Metaspace       used 43796K, committed 44096K, reserved 1089536K
  class space    used 6137K, committed 6272K, reserved 1048576K
}
Event: 3407.181 GC heap before
{Heap before GC invocations=267 (full 211):
 garbage-first heap   total 81920K, used 24195K [0x00000000c8e00000, 0x0000000100000000)
  region size 1024K, 1 young (1024K), 0 survivors (0K)
 Metaspace       used 43796K, committed 44096K, reserved 1089536K
  class space    used 6137K, committed 6272K, reserved 1048576K
}
Event: 3407.242 GC heap after
{Heap after GC invocations=268 (full 212):
 garbage-first heap   total 81920K, used 24195K [0x00000000c8e00000, 0x0000000100000000)
  region size 1024K, 0 young (0K), 0 survivors (0K)
 Metaspace       used 43796K, committed 44096K, reserved 1089536K
  class space    used 6137K, committed 6272K, reserved 1048576K
}
Event: 3417.536 GC heap before
{Heap before GC invocations=268 (full 212):
 garbage-first heap   total 81920K, used 24195K [0x00000000c8e00000, 0x0000000100000000)
  region size 1024K, 1 young (1024K), 0 survivors (0K)
 Metaspace       used 43796K, committed 44096K, reserved 1089536K
  class space    used 6137K, committed 6272K, reserved 1048576K
}
Event: 3417.594 GC heap after
{Heap after GC invocations=269 (full 213):
 garbage-first heap   total 81920K, used 24195K [0x00000000c8e00000, 0x0000000100000000)
  region size 1024K, 0 young (0K), 0 survivors (0K)
 Metaspace       used 43796K, committed 44096K, reserved 1089536K
  class space    used 6137K, committed 6272K, reserved 1048576K
}
Event: 3428.586 GC heap before
{Heap before GC invocations=269 (full 213):
 garbage-first heap   total 81920K, used 24195K [0x00000000c8e00000, 0x0000000100000000)
  region size 1024K, 1 young (1024K), 0 survivors (0K)
 Metaspace       used 43796K, committed 44096K, reserved 1089536K
  class space    used 6137K, committed 6272K, reserved 1048576K
}
Event: 3428.647 GC heap after
{Heap after GC invocations=270 (full 214):
 garbage-first heap   total 81920K, used 24195K [0x00000000c8e00000, 0x0000000100000000)
  region size 1024K, 0 young (0K), 0 survivors (0K)
 Metaspace       used 43796K, committed 44096K, reserved 1089536K
  class space    used 6137K, committed 6272K, reserved 1048576K
}
Event: 3440.024 GC heap before
{Heap before GC invocations=270 (full 214):
 garbage-first heap   total 81920K, used 24195K [0x00000000c8e00000, 0x0000000100000000)
  region size 1024K, 1 young (1024K), 0 survivors (0K)
 Metaspace       used 43796K, committed 44096K, reserved 1089536K
  class space    used 6137K, committed 6272K, reserved 1048576K
}
Event: 3440.088 GC heap after
{Heap after GC invocations=271 (full 215):
 garbage-first heap   total 81920K, used 24195K [0x00000000c8e00000, 0x0000000100000000)
  region size 1024K, 0 young (0K), 0 survivors (0K)
 Metaspace       used 43796K, committed 44096K, reserved 1089536K
  class space    used 6137K, committed 6272K, reserved 1048576K
}
Event: 3450.850 GC heap before
{Heap before GC invocations=271 (full 215):
 garbage-first heap   total 81920K, used 24195K [0x00000000c8e00000, 0x0000000100000000)
  region size 1024K, 1 young (1024K), 0 survivors (0K)
 Metaspace       used 43796K, committed 44096K, reserved 1089536K
  class space    used 6137K, committed 6272K, reserved 1048576K
}
Event: 3450.931 GC heap after
{Heap after GC invocations=272 (full 216):
 garbage-first heap   total 81920K, used 24195K [0x00000000c8e00000, 0x0000000100000000)
  region size 1024K, 0 young (0K), 0 survivors (0K)
 Metaspace       used 43796K, committed 44096K, reserved 1089536K
  class space    used 6137K, committed 6272K, reserved 1048576K
}
Event: 3462.066 GC heap before
{Heap before GC invocations=272 (full 216):
 garbage-first heap   total 81920K, used 24195K [0x00000000c8e00000, 0x0000000100000000)
  region size 1024K, 1 young (1024K), 0 survivors (0K)
 Metaspace       used 43796K, committed 44096K, reserved 1089536K
  class space    used 6137K, committed 6272K, reserved 1048576K
}
Event: 3462.172 GC heap after
{Heap after GC invocations=273 (full 217):
 garbage-first heap   total 81920K, used 24195K [0x00000000c8e00000, 0x0000000100000000)
  region size 1024K, 0 young (0K), 0 survivors (0K)
 Metaspace       used 43796K, committed 44096K, reserved 1089536K
  class space    used 6137K, committed 6272K, reserved 1048576K
}

