# JRE version: OpenJDK Runtime Environment Temurin-17.0.4.1+1 (17.0.4.1+1) (build 17.0.4.1+1)
# Java VM: OpenJDK 64-Bit Server VM Temurin-17.0.4.1+1 (17.0.4.1+1, mixed mode, emulated-client, tiered, compressed oops, compressed class ptrs, g1 gc, windows-amd64)
GC Precious Log:
 CPUs: 4 total, 4 available
 Memory: 3522M
 Large Page Support: Disabled
 NUMA Support: Disabled
 Compressed Oops: Enabled (32-bit)
 Heap Region Size: 1M
 Heap Min Capacity: 8M
 Heap Initial Capacity: 56M
 Heap Max Capacity: 882M
 Pre-touch: Disabled
 Parallel Workers: 4
 Concurrent Workers: 1
 Concurrent Refinement Workers: 4
 Periodic GC: Disabled
Heap:
 garbage-first heap   total 243712K, used 110728K [0x00000000c8e00000, 0x0000000100000000)
  region size 1024K, 13 young (13312K), 13 survivors (13312K)
 Metaspace       used 46346K, committed 46720K, reserved 1097728K
  class space    used 5702K, committed 5888K, reserved 1048576K
GC Heap History (20 events):
Event: 11.866 GC heap after
{Heap after GC invocations=20 (full 0):
 garbage-first heap   total 106496K, used 66213K [0x00000000c8e00000, 0x0000000100000000)
  region size 1024K, 2 young (2048K), 2 survivors (2048K)
 Metaspace       used 39566K, committed 39936K, reserved 1089536K
  class space    used 4985K, committed 5184K, reserved 1048576K
}
Event: 12.186 GC heap before
{Heap before GC invocations=21 (full 0):
 garbage-first heap   total 121856K, used 78501K [0x00000000c8e00000, 0x0000000100000000)
  region size 1024K, 15 young (15360K), 2 survivors (2048K)
 Metaspace       used 40082K, committed 40512K, reserved 1089536K
  class space    used 5012K, committed 5248K, reserved 1048576K
}
Event: 12.205 GC heap after
{Heap after GC invocations=22 (full 0):
 garbage-first heap   total 121856K, used 71091K [0x00000000c8e00000, 0x0000000100000000)
  region size 1024K, 2 young (2048K), 2 survivors (2048K)
 Metaspace       used 40082K, committed 40512K, reserved 1089536K
  class space    used 5012K, committed 5248K, reserved 1048576K
}
Event: 12.233 GC heap before
{Heap before GC invocations=22 (full 0):
 garbage-first heap   total 121856K, used 73139K [0x00000000c8e00000, 0x0000000100000000)
  region size 1024K, 5 young (5120K), 2 survivors (2048K)
 Metaspace       used 40113K, committed 40512K, reserved 1089536K
  class space    used 5015K, committed 5248K, reserved 1048576K
}
Event: 12.241 GC heap after
{Heap after GC invocations=23 (full 0):
 garbage-first heap   total 243712K, used 70352K [0x00000000c8e00000, 0x0000000100000000)
  region size 1024K, 1 young (1024K), 1 survivors (1024K)
 Metaspace       used 40113K, committed 40512K, reserved 1089536K
  class space    used 5015K, committed 5248K, reserved 1048576K
}
Event: 12.554 GC heap before
{Heap before GC invocations=23 (full 0):
 garbage-first heap   total 243712K, used 141008K [0x00000000c8e00000, 0x0000000100000000)
  region size 1024K, 71 young (72704K), 1 survivors (1024K)
 Metaspace       used 41036K, committed 41472K, reserved 1089536K
  class space    used 5092K, committed 5312K, reserved 1048576K
}
Event: 12.564 GC heap after
{Heap after GC invocations=24 (full 0):
 garbage-first heap   total 243712K, used 73616K [0x00000000c8e00000, 0x0000000100000000)
  region size 1024K, 4 young (4096K), 4 survivors (4096K)
 Metaspace       used 41036K, committed 41472K, reserved 1089536K
  class space    used 5092K, committed 5312K, reserved 1048576K
}
Event: 12.821 GC heap before
{Heap before GC invocations=24 (full 0):
 garbage-first heap   total 243712K, used 171920K [0x00000000c8e00000, 0x0000000100000000)
  region size 1024K, 101 young (103424K), 4 survivors (4096K)
 Metaspace       used 42133K, committed 42560K, reserved 1089536K
  class space    used 5212K, committed 5440K, reserved 1048576K
}
Event: 12.844 GC heap after
{Heap after GC invocations=25 (full 0):
 garbage-first heap   total 243712K, used 77761K [0x00000000c8e00000, 0x0000000100000000)
  region size 1024K, 8 young (8192K), 8 survivors (8192K)
 Metaspace       used 42133K, committed 42560K, reserved 1089536K
  class space    used 5212K, committed 5440K, reserved 1048576K
}
Event: 13.077 GC heap before
{Heap before GC invocations=25 (full 0):
 garbage-first heap   total 243712K, used 178113K [0x00000000c8e00000, 0x0000000100000000)
  region size 1024K, 107 young (109568K), 8 survivors (8192K)
 Metaspace       used 42543K, committed 42944K, reserved 1089536K
  class space    used 5273K, committed 5504K, reserved 1048576K
}
Event: 13.096 GC heap after
{Heap after GC invocations=26 (full 0):
 garbage-first heap   total 243712K, used 81548K [0x00000000c8e00000, 0x0000000100000000)
  region size 1024K, 8 young (8192K), 8 survivors (8192K)
 Metaspace       used 42543K, committed 42944K, reserved 1089536K
  class space    used 5273K, committed 5504K, reserved 1048576K
}
Event: 13.647 GC heap before
{Heap before GC invocations=26 (full 0):
 garbage-first heap   total 243712K, used 185996K [0x00000000c8e00000, 0x0000000100000000)
  region size 1024K, 111 young (113664K), 8 survivors (8192K)
 Metaspace       used 43213K, committed 43584K, reserved 1089536K
  class space    used 5364K, committed 5568K, reserved 1048576K
}
Event: 13.659 GC heap after
{Heap after GC invocations=27 (full 0):
 garbage-first heap   total 243712K, used 85728K [0x00000000c8e00000, 0x0000000100000000)
  region size 1024K, 8 young (8192K), 8 survivors (8192K)
 Metaspace       used 43213K, committed 43584K, reserved 1089536K
  class space    used 5364K, committed 5568K, reserved 1048576K
}
Event: 14.436 GC heap before
{Heap before GC invocations=27 (full 0):
 garbage-first heap   total 243712K, used 191200K [0x00000000c8e00000, 0x0000000100000000)
  region size 1024K, 112 young (114688K), 8 survivors (8192K)
 Metaspace       used 44326K, committed 44800K, reserved 1089536K
  class space    used 5479K, committed 5696K, reserved 1048576K
}
Event: 14.452 GC heap after
{Heap after GC invocations=28 (full 0):
 garbage-first heap   total 243712K, used 92712K [0x00000000c8e00000, 0x0000000100000000)
  region size 1024K, 11 young (11264K), 11 survivors (11264K)
 Metaspace       used 44326K, committed 44800K, reserved 1089536K
  class space    used 5479K, committed 5696K, reserved 1048576K
}
Event: 14.969 GC heap before
{Heap before GC invocations=28 (full 0):
 garbage-first heap   total 243712K, used 194088K [0x00000000c8e00000, 0x0000000100000000)
  region size 1024K, 111 young (113664K), 11 survivors (11264K)
 Metaspace       used 45259K, committed 45696K, reserved 1089536K
  class space    used 5582K, committed 5760K, reserved 1048576K
}
Event: 14.981 GC heap after
{Heap after GC invocations=29 (full 0):
 garbage-first heap   total 243712K, used 96786K [0x00000000c8e00000, 0x0000000100000000)
  region size 1024K, 11 young (11264K), 11 survivors (11264K)
 Metaspace       used 45259K, committed 45696K, reserved 1089536K
  class space    used 5582K, committed 5760K, reserved 1048576K
}
Event: 15.371 GC heap before
{Heap before GC invocations=29 (full 0):
 garbage-first heap   total 243712K, used 196114K [0x00000000c8e00000, 0x0000000100000000)
  region size 1024K, 109 young (111616K), 11 survivors (11264K)
 Metaspace       used 46277K, committed 46720K, reserved 1097728K
  class space    used 5691K, committed 5888K, reserved 1048576K
}
Event: 15.389 GC heap after
{Heap after GC invocations=30 (full 0):
 garbage-first heap   total 243712K, used 103876K [0x00000000c8e00000, 0x0000000100000000)
  region size 1024K, 11 young (11264K), 11 survivors (11264K)
 Metaspace       used 46277K, committed 46720K, reserved 1097728K
  class space    used 5691K, committed 5888K, reserved 1048576K
}
Event: 15.605 GC heap before
{Heap before GC invocations=30 (full 0):
 garbage-first heap   total 243712K, used 198084K [0x00000000c8e00000, 0x0000000100000000)
  region size 1024K, 104 young (106496K), 11 survivors (11264K)
 Metaspace       used 46346K, committed 46720K, reserved 1097728K
  class space    used 5702K, committed 5888K, reserved 1048576K
}

